Traceback (most recent call last):
  File "/home/kawai/anaconda3/lib/python3.9/site-packages/jupyter_cache/executors/utils.py", line 51, in single_nb_execution
    executenb(
  File "/home/kawai/anaconda3/lib/python3.9/site-packages/nbclient/client.py", line 1204, in execute
    return NotebookClient(nb=nb, resources=resources, km=km, **kwargs).execute()
  File "/home/kawai/anaconda3/lib/python3.9/site-packages/nbclient/util.py", line 84, in wrapped
    return just_run(coro(*args, **kwargs))
  File "/home/kawai/anaconda3/lib/python3.9/site-packages/nbclient/util.py", line 62, in just_run
    return loop.run_until_complete(coro)
  File "/home/kawai/anaconda3/lib/python3.9/asyncio/base_events.py", line 647, in run_until_complete
    return future.result()
  File "/home/kawai/anaconda3/lib/python3.9/site-packages/nbclient/client.py", line 663, in async_execute
    await self.async_execute_cell(
  File "/home/kawai/anaconda3/lib/python3.9/site-packages/nbclient/client.py", line 965, in async_execute_cell
    await self._check_raise_for_error(cell, cell_index, exec_reply)
  File "/home/kawai/anaconda3/lib/python3.9/site-packages/nbclient/client.py", line 862, in _check_raise_for_error
    raise CellExecutionError.from_cell_and_msg(cell, exec_reply_content)
nbclient.exceptions.CellExecutionError: An error occurred while executing the following cell:
------------------
# Tossing Up Quantum Coin

# import numpy
import numpy as np

# import entire qiskit
from qiskit import *

# set classical register (bit)
cr = ClassicalRegister(1,'c')

# set quantum register (qubit)
qr = QuantumRegister(1,'q')

# reset the quantum circuit
qc = QuantumCircuit(qr,cr)

# construct quantum circuit
# step 1: create the superposition state with Hardamard gate
qc.h(0)

# measurement on qubit 
# output is stored in cllasical register
qc.measure(qr,cr)

# show the quantum circuit
qc.draw('mpl')
------------------

[0;31m---------------------------------------------------------------------------[0m
[0;31mModuleNotFoundError[0m                       Traceback (most recent call last)
Input [0;32mIn [3][0m, in [0;36m<cell line: 7>[0;34m()[0m
[1;32m      4[0m [38;5;28;01mimport[39;00m [38;5;21;01mnumpy[39;00m [38;5;28;01mas[39;00m [38;5;21;01mnp[39;00m
[1;32m      6[0m [38;5;66;03m# import entire qiskit[39;00m
[0;32m----> 7[0m [38;5;28;01mfrom[39;00m [38;5;21;01mqiskit[39;00m [38;5;28;01mimport[39;00m [38;5;241m*[39m
[1;32m      9[0m [38;5;66;03m# set classical register (bit)[39;00m
[1;32m     10[0m cr [38;5;241m=[39m ClassicalRegister([38;5;241m1[39m,[38;5;124m'[39m[38;5;124mc[39m[38;5;124m'[39m)

File [0;32m~/anaconda3/lib/python3.9/site-packages/qiskit/__init__.py:36[0m, in [0;36m<module>[0;34m[0m
[1;32m     33[0m [38;5;28;01mfrom[39;00m [38;5;21;01mqiskit[39;00m[38;5;21;01m.[39;00m[38;5;21;01mexceptions[39;00m [38;5;28;01mimport[39;00m QiskitError, MissingOptionalLibraryError
[1;32m     35[0m [38;5;66;03m# The main qiskit operators[39;00m
[0;32m---> 36[0m [38;5;28;01mfrom[39;00m [38;5;21;01mqiskit[39;00m[38;5;21;01m.[39;00m[38;5;21;01mcircuit[39;00m [38;5;28;01mimport[39;00m ClassicalRegister
[1;32m     37[0m [38;5;28;01mfrom[39;00m [38;5;21;01mqiskit[39;00m[38;5;21;01m.[39;00m[38;5;21;01mcircuit[39;00m [38;5;28;01mimport[39;00m QuantumRegister
[1;32m     38[0m [38;5;28;01mfrom[39;00m [38;5;21;01mqiskit[39;00m[38;5;21;01m.[39;00m[38;5;21;01mcircuit[39;00m [38;5;28;01mimport[39;00m AncillaRegister

File [0;32m~/anaconda3/lib/python3.9/site-packages/qiskit/circuit/__init__.py:225[0m, in [0;36m<module>[0;34m[0m
[1;32m      1[0m [38;5;66;03m# This code is part of Qiskit.[39;00m
[1;32m      2[0m [38;5;66;03m#[39;00m
[1;32m      3[0m [38;5;66;03m# (C) Copyright IBM 2017.[39;00m
[0;32m   (...)[0m
[1;32m     10[0m [38;5;66;03m# copyright notice, and modified files need to carry a notice indicating[39;00m
[1;32m     11[0m [38;5;66;03m# that they have been altered from the originals.[39;00m
[1;32m     13[0m [38;5;124;03m"""[39;00m
[1;32m     14[0m [38;5;124;03m========================================[39;00m
[1;32m     15[0m [38;5;124;03mQuantum Circuits (:mod:`qiskit.circuit`)[39;00m
[0;32m   (...)[0m
[1;32m    223[0m [38;5;124;03m   random.random_circuit[39;00m
[1;32m    224[0m [38;5;124;03m"""[39;00m
[0;32m--> 225[0m [38;5;28;01mfrom[39;00m [38;5;21;01m.[39;00m[38;5;21;01mquantumcircuit[39;00m [38;5;28;01mimport[39;00m QuantumCircuit
[1;32m    226[0m [38;5;28;01mfrom[39;00m [38;5;21;01m.[39;00m[38;5;21;01mclassicalregister[39;00m [38;5;28;01mimport[39;00m ClassicalRegister, Clbit
[1;32m    227[0m [38;5;28;01mfrom[39;00m [38;5;21;01m.[39;00m[38;5;21;01mquantumregister[39;00m [38;5;28;01mimport[39;00m QuantumRegister, Qubit, AncillaRegister, AncillaQubit

File [0;32m~/anaconda3/lib/python3.9/site-packages/qiskit/circuit/quantumcircuit.py:45[0m, in [0;36m<module>[0;34m[0m
[1;32m     43[0m [38;5;28;01mfrom[39;00m [38;5;21;01mqiskit[39;00m[38;5;21;01m.[39;00m[38;5;21;01mcircuit[39;00m[38;5;21;01m.[39;00m[38;5;21;01mgate[39;00m [38;5;28;01mimport[39;00m Gate
[1;32m     44[0m [38;5;28;01mfrom[39;00m [38;5;21;01mqiskit[39;00m[38;5;21;01m.[39;00m[38;5;21;01mcircuit[39;00m[38;5;21;01m.[39;00m[38;5;21;01mparameter[39;00m [38;5;28;01mimport[39;00m Parameter
[0;32m---> 45[0m [38;5;28;01mfrom[39;00m [38;5;21;01mqiskit[39;00m[38;5;21;01m.[39;00m[38;5;21;01mqasm[39;00m[38;5;21;01m.[39;00m[38;5;21;01mqasm[39;00m [38;5;28;01mimport[39;00m Qasm
[1;32m     46[0m [38;5;28;01mfrom[39;00m [38;5;21;01mqiskit[39;00m[38;5;21;01m.[39;00m[38;5;21;01mqasm[39;00m[38;5;21;01m.[39;00m[38;5;21;01mexceptions[39;00m [38;5;28;01mimport[39;00m QasmError
[1;32m     47[0m [38;5;28;01mfrom[39;00m [38;5;21;01mqiskit[39;00m[38;5;21;01m.[39;00m[38;5;21;01mcircuit[39;00m[38;5;21;01m.[39;00m[38;5;21;01mexceptions[39;00m [38;5;28;01mimport[39;00m CircuitError

File [0;32m~/anaconda3/lib/python3.9/site-packages/qiskit/qasm/__init__.py:44[0m, in [0;36m<module>[0;34m[0m
[1;32m     13[0m [38;5;124;03m"""[39;00m
[1;32m     14[0m [38;5;124;03m=========================[39;00m
[1;32m     15[0m [38;5;124;03mQasm (:mod:`qiskit.qasm`)[39;00m
[0;32m   (...)[0m
[1;32m     39[0m 
[1;32m     40[0m [38;5;124;03m"""[39;00m
[1;32m     42[0m [38;5;28;01mfrom[39;00m [38;5;21;01mnumpy[39;00m [38;5;28;01mimport[39;00m pi
[0;32m---> 44[0m [38;5;28;01mfrom[39;00m [38;5;21;01m.[39;00m[38;5;21;01mqasm[39;00m [38;5;28;01mimport[39;00m Qasm
[1;32m     45[0m [38;5;28;01mfrom[39;00m [38;5;21;01m.[39;00m[38;5;21;01mexceptions[39;00m [38;5;28;01mimport[39;00m QasmError
[1;32m     47[0m [38;5;28;01mtry[39;00m:

File [0;32m~/anaconda3/lib/python3.9/site-packages/qiskit/qasm/qasm.py:17[0m, in [0;36m<module>[0;34m[0m
[1;32m     13[0m [38;5;124;03m"""[39;00m
[1;32m     14[0m [38;5;124;03mOPENQASM circuit object.[39;00m
[1;32m     15[0m [38;5;124;03m"""[39;00m
[1;32m     16[0m [38;5;28;01mfrom[39;00m [38;5;21;01m.[39;00m[38;5;21;01mexceptions[39;00m [38;5;28;01mimport[39;00m QasmError
[0;32m---> 17[0m [38;5;28;01mfrom[39;00m [38;5;21;01m.[39;00m[38;5;21;01mqasmparser[39;00m [38;5;28;01mimport[39;00m QasmParser
[1;32m     20[0m [38;5;28;01mclass[39;00m [38;5;21;01mQasm[39;00m:
[1;32m     21[0m     [38;5;124;03m"""OPENQASM circuit object."""[39;00m

File [0;32m~/anaconda3/lib/python3.9/site-packages/qiskit/qasm/qasmparser.py:20[0m, in [0;36m<module>[0;34m[0m
[1;32m     17[0m [38;5;28;01mimport[39;00m [38;5;21;01mtempfile[39;00m
[1;32m     19[0m [38;5;28;01mimport[39;00m [38;5;21;01mnumpy[39;00m [38;5;28;01mas[39;00m [38;5;21;01mnp[39;00m
[0;32m---> 20[0m [38;5;28;01mfrom[39;00m [38;5;21;01mply[39;00m [38;5;28;01mimport[39;00m yacc
[1;32m     22[0m [38;5;28;01mfrom[39;00m [38;5;21;01m.[39;00m [38;5;28;01mimport[39;00m node
[1;32m     23[0m [38;5;28;01mfrom[39;00m [38;5;21;01m.[39;00m[38;5;21;01mexceptions[39;00m [38;5;28;01mimport[39;00m QasmError

[0;31mModuleNotFoundError[0m: No module named 'ply'
ModuleNotFoundError: No module named 'ply'

