\BOOKMARK [-1][-]{part.1}{I\040Preface}{}% 1
\BOOKMARK [0][-]{chapter.1}{Preface}{part.1}% 2
\BOOKMARK [-1][-]{part.2}{II\040Preparation}{}% 3
\BOOKMARK [0][-]{chapter.2}{Preparation}{part.2}% 4
\BOOKMARK [1][-]{section.2.1}{About\040This\040Book}{chapter.2}% 5
\BOOKMARK [2][-]{subsection.2.1.1}{Layout}{section.2.1}% 6
\BOOKMARK [2][-]{subsection.2.1.2}{Linked\040references}{section.2.1}% 7
\BOOKMARK [2][-]{subsection.2.1.3}{Downloading\040the\040page}{section.2.1}% 8
\BOOKMARK [2][-]{subsection.2.1.4}{Github}{section.2.1}% 9
\BOOKMARK [2][-]{subsection.2.1.5}{Google\040Colab}{section.2.1}% 10
\BOOKMARK [1][-]{section.2.2}{Python}{chapter.2}% 11
\BOOKMARK [2][-]{subsection.2.2.1}{Installation\040}{section.2.2}% 12
\BOOKMARK [2][-]{subsection.2.2.2}{Using\040Python}{section.2.2}% 13
\BOOKMARK [2][-]{subsection.2.2.3}{Numpy}{section.2.2}% 14
\BOOKMARK [2][-]{subsection.2.2.4}{Matplotlib}{section.2.2}% 15
\BOOKMARK [1][-]{section.2.3}{JupyterLab}{chapter.2}% 16
\BOOKMARK [2][-]{subsection.2.3.1}{Installation\040}{section.2.3}% 17
\BOOKMARK [2][-]{subsection.2.3.2}{Launching}{section.2.3}% 18
\BOOKMARK [2][-]{subsection.2.3.3}{Usage}{section.2.3}% 19
\BOOKMARK [2][-]{subsection.2.3.4}{Mathematical\040expression}{section.2.3}% 20
\BOOKMARK [2][-]{subsection.2.3.5}{Closing\040JupyterLab}{section.2.3}% 21
\BOOKMARK [1][-]{section.2.4}{Qiskit}{chapter.2}% 22
\BOOKMARK [2][-]{subsection.2.4.1}{Installation}{section.2.4}% 23
\BOOKMARK [2][-]{subsection.2.4.2}{IBM\040Quantum\040Experience}{section.2.4}% 24
\BOOKMARK [2][-]{subsection.2.4.3}{API\040key}{section.2.4}% 25
\BOOKMARK [2][-]{subsection.2.4.4}{Using\040Qiskit}{section.2.4}% 26
\BOOKMARK [2][-]{subsection.2.4.5}{Suggested\040Reading}{section.2.4}% 27
\BOOKMARK [1][-]{section.2.5}{Cloud\040IDE}{chapter.2}% 28
\BOOKMARK [2][-]{subsection.2.5.1}{IBM\040Quantum\040Lab}{section.2.5}% 29
\BOOKMARK [2][-]{subsection.2.5.2}{Google\040Colab}{section.2.5}% 30
\BOOKMARK [0][-]{chapter.3}{Quantum\040Mechanics}{part.2}% 31
\BOOKMARK [1][-]{section.3.1}{State\040vectors}{chapter.3}% 32
\BOOKMARK [2][-]{subsection.3.1.1}{Ket\040and\040bra}{section.3.1}% 33
\BOOKMARK [2][-]{subsection.3.1.2}{Addition}{section.3.1}% 34
\BOOKMARK [2][-]{subsection.3.1.3}{Scalar\040multiplication}{section.3.1}% 35
\BOOKMARK [2][-]{subsection.3.1.4}{Superposition}{section.3.1}% 36
\BOOKMARK [2][-]{subsection.3.1.5}{Inner\040product}{section.3.1}% 37
\BOOKMARK [2][-]{subsection.3.1.6}{Orthogonality}{section.3.1}% 38
\BOOKMARK [2][-]{subsection.3.1.7}{Norm\040and\040normarization}{section.3.1}% 39
\BOOKMARK [2][-]{subsection.3.1.8}{Global\040phase}{section.3.1}% 40
\BOOKMARK [2][-]{subsection.3.1.9}{Basis\040sets}{section.3.1}% 41
\BOOKMARK [2][-]{subsection.3.1.10}{Completeness}{section.3.1}% 42
\BOOKMARK [2][-]{subsection.3.1.11}{Two-dimensional\040Hilbert\040space}{section.3.1}% 43
\BOOKMARK [1][-]{section.3.2}{Operators}{chapter.3}% 44
\BOOKMARK [2][-]{subsection.3.2.1}{Operator\040times\040ket}{section.3.2}% 45
\BOOKMARK [2][-]{subsection.3.2.2}{Scalar\040multiplication}{section.3.2}% 46
\BOOKMARK [2][-]{subsection.3.2.3}{Linearity}{section.3.2}% 47
\BOOKMARK [2][-]{subsection.3.2.4}{Operator\040sum}{section.3.2}% 48
\BOOKMARK [2][-]{subsection.3.2.5}{Operator\040products}{section.3.2}% 49
\BOOKMARK [2][-]{subsection.3.2.6}{Identity\040operator\040I}{section.3.2}% 50
\BOOKMARK [2][-]{subsection.3.2.7}{Matrix\040elements}{section.3.2}% 51
\BOOKMARK [2][-]{subsection.3.2.8}{Dyads}{section.3.2}% 52
\BOOKMARK [2][-]{subsection.3.2.9}{Self-adjoint\040operators}{section.3.2}% 53
\BOOKMARK [2][-]{subsection.3.2.10}{Unitary\040operators}{section.3.2}% 54
\BOOKMARK [2][-]{subsection.3.2.11}{Eigenvalues\040and\040eigenvectors}{section.3.2}% 55
\BOOKMARK [2][-]{subsection.3.2.12}{Trace\040of\040operators}{section.3.2}% 56
\BOOKMARK [2][-]{subsection.3.2.13}{Pauli\040Operators}{section.3.2}% 57
\BOOKMARK [2][-]{subsection.3.2.14}{Functions\040of\040operators}{section.3.2}% 58
\BOOKMARK [1][-]{section.3.3}{Time-evolution}{chapter.3}% 59
\BOOKMARK [1][-]{section.3.4}{Quantum\040measurement}{chapter.3}% 60
\BOOKMARK [2][-]{subsection.3.4.1}{Observables}{section.3.4}% 61
\BOOKMARK [2][-]{subsection.3.4.2}{Outcomes\040of\040measurement}{section.3.4}% 62
\BOOKMARK [2][-]{subsection.3.4.3}{Projective\040measurement}{section.3.4}% 63
\BOOKMARK [2][-]{subsection.3.4.4}{Expectation\040values}{section.3.4}% 64
\BOOKMARK [2][-]{subsection.3.4.5}{Uncertainty\040principle}{section.3.4}% 65
\BOOKMARK [-1][-]{part.3}{III\040Introduction}{}% 66
\BOOKMARK [0][-]{chapter.4}{What\040is\040a\040Quantum\040Computer?}{part.3}% 67
\BOOKMARK [1][-]{section.4.1}{Classical\040computation}{chapter.4}% 68
\BOOKMARK [2][-]{subsection.4.1.1}{What\040is\040classical\040information?}{section.4.1}% 69
\BOOKMARK [2][-]{subsection.4.1.2}{Classical\040bits}{section.4.1}% 70
\BOOKMARK [2][-]{subsection.4.1.3}{Copying\040a\040state\040of\040bit}{section.4.1}% 71
\BOOKMARK [2][-]{subsection.4.1.4}{Gates}{section.4.1}% 72
\BOOKMARK [2][-]{subsection.4.1.5}{Landauer\040principle}{section.4.1}% 73
\BOOKMARK [2][-]{subsection.4.1.6}{Encoding}{section.4.1}% 74
\BOOKMARK [2][-]{subsection.4.1.7}{Instructions}{section.4.1}% 75
\BOOKMARK [2][-]{subsection.4.1.8}{Readout\040and\040decoding}{section.4.1}% 76
\BOOKMARK [1][-]{section.4.2}{Quantum\040computation}{chapter.4}% 77
\BOOKMARK [2][-]{subsection.4.2.1}{Qubits}{section.4.2}% 78
\BOOKMARK [2][-]{subsection.4.2.2}{Resetting\040a\040qubit}{section.4.2}% 79
\BOOKMARK [2][-]{subsection.4.2.3}{Circuit\040models}{section.4.2}% 80
\BOOKMARK [2][-]{subsection.4.2.4}{Gates}{section.4.2}% 81
\BOOKMARK [2][-]{subsection.4.2.5}{Encoding}{section.4.2}% 82
\BOOKMARK [2][-]{subsection.4.2.6}{Circuits}{section.4.2}% 83
\BOOKMARK [2][-]{subsection.4.2.7}{Readouts}{section.4.2}% 84
\BOOKMARK [1][-]{section.4.3}{Quantum\040Information\040Theory}{chapter.4}% 85
\BOOKMARK [2][-]{subsection.4.3.1}{Classical\040information}{section.4.3}% 86
\BOOKMARK [2][-]{subsection.4.3.2}{Quantum\040Information}{section.4.3}% 87
\BOOKMARK [2][-]{subsection.4.3.3}{Restriction\040on\040quantum\040information\040processes}{section.4.3}% 88
\BOOKMARK [-1][-]{part.4}{IV\040Single\040qubit}{}% 89
\BOOKMARK [0][-]{chapter.5}{Single\040qubit}{part.4}% 90
\BOOKMARK [1][-]{section.5.1}{Pure\040states}{chapter.5}% 91
\BOOKMARK [2][-]{subsection.5.1.1}{Pure\040states}{section.5.1}% 92
\BOOKMARK [2][-]{subsection.5.1.2}{Standard\040Basis\040sets}{section.5.1}% 93
\BOOKMARK [2][-]{subsection.5.1.3}{The\040basis\040sets\040in\040Qiskit}{section.5.1}% 94
\BOOKMARK [1][-]{section.5.2}{Bloch\040sphere}{chapter.5}% 95
\BOOKMARK [1][-]{section.5.3}{Qubit\040Measurement}{chapter.5}% 96
\BOOKMARK [2][-]{subsection.5.3.1}{Projective\040measurement}{section.5.3}% 97
\BOOKMARK [2][-]{subsection.5.3.2}{Born\040rule}{section.5.3}% 98
\BOOKMARK [2][-]{subsection.5.3.3}{Quantum\040coin\040flipping}{section.5.3}% 99
\BOOKMARK [3][-]{subsubsection*.5}{Classical\040simulation}{subsection.5.3.3}% 100
\BOOKMARK [3][-]{subsubsection*.6}{Quantum\040simulation}{subsection.5.3.3}% 101
\BOOKMARK [1][-]{section.5.4}{Mixed\040states}{chapter.5}% 102
\BOOKMARK [0][-]{chapter.6}{One-qubit\040gates}{part.4}% 103
\BOOKMARK [1][-]{section.6.1}{Mathematical\040expressions}{chapter.6}% 104
\BOOKMARK [1][-]{section.6.2}{Transformation\040of\040general\040superposition\040states}{chapter.6}% 105
\BOOKMARK [1][-]{section.6.3}{Combination\040of\040gates}{chapter.6}% 106
\BOOKMARK [1][-]{section.6.4}{U\040Gate}{chapter.6}% 107
\BOOKMARK [2][-]{subsection.6.4.1}{Definition}{section.6.4}% 108
\BOOKMARK [2][-]{subsection.6.4.2}{Acting\040on\040a\040superposition\040state}{section.6.4}% 109
\BOOKMARK [1][-]{section.6.5}{Rotation\040Gates,\040RX,\040RY,\040RZ}{chapter.6}% 110
\BOOKMARK [2][-]{subsection.6.5.1}{Definition}{section.6.5}% 111
\BOOKMARK [2][-]{subsection.6.5.2}{Additional\040useful\040Properties}{section.6.5}% 112
\BOOKMARK [2][-]{subsection.6.5.3}{Relation\040with\040other\040gates}{section.6.5}% 113
\BOOKMARK [1][-]{section.6.6}{XGate}{chapter.6}% 114
\BOOKMARK [2][-]{subsection.6.6.1}{Definition}{section.6.6}% 115
\BOOKMARK [2][-]{subsection.6.6.2}{Acting\040on\040a\040superposition\040state}{section.6.6}% 116
\BOOKMARK [2][-]{subsection.6.6.3}{Important\040Properties}{section.6.6}% 117
\BOOKMARK [1][-]{section.6.7}{YGate}{chapter.6}% 118
\BOOKMARK [2][-]{subsection.6.7.1}{Definition}{section.6.7}% 119
\BOOKMARK [2][-]{subsection.6.7.2}{Acting\040on\040a\040superposition\040state}{section.6.7}% 120
\BOOKMARK [2][-]{subsection.6.7.3}{Important\040Properties}{section.6.7}% 121
\BOOKMARK [1][-]{section.6.8}{ZGate}{chapter.6}% 122
\BOOKMARK [2][-]{subsection.6.8.1}{Definition}{section.6.8}% 123
\BOOKMARK [2][-]{subsection.6.8.2}{Acting\040on\040a\040superposition\040state}{section.6.8}% 124
\BOOKMARK [2][-]{subsection.6.8.3}{Important\040Properties}{section.6.8}% 125
\BOOKMARK [1][-]{section.6.9}{Hadamard\040gate}{chapter.6}% 126
\BOOKMARK [2][-]{subsection.6.9.1}{Definition}{section.6.9}% 127
\BOOKMARK [2][-]{subsection.6.9.2}{Acting\040on\040a\040superposition\040state}{section.6.9}% 128
\BOOKMARK [2][-]{subsection.6.9.3}{Qiskit\040example:}{section.6.9}% 129
\BOOKMARK [2][-]{subsection.6.9.4}{Important\040Properties}{section.6.9}% 130
\BOOKMARK [1][-]{section.6.10}{SX\040and\040SXdg\040Gates}{chapter.6}% 131
\BOOKMARK [2][-]{subsection.6.10.1}{Definition}{section.6.10}% 132
\BOOKMARK [2][-]{subsection.6.10.2}{Transformation\040of\040other\040basis\040kets}{section.6.10}% 133
\BOOKMARK [2][-]{subsection.6.10.3}{Acting\040on\040a\040superposition\040state}{section.6.10}% 134
\BOOKMARK [2][-]{subsection.6.10.4}{Additional\040useful\040Properties}{section.6.10}% 135
\BOOKMARK [1][-]{section.6.11}{S Gate and S† Gate}{chapter.6}% 136
\BOOKMARK [2][-]{subsection.6.11.1}{Definition}{section.6.11}% 137
\BOOKMARK [2][-]{subsection.6.11.2}{Acting\040on\040a\040superposition\040state}{section.6.11}% 138
\BOOKMARK [2][-]{subsection.6.11.3}{Additional\040useful\040Properties}{section.6.11}% 139
\BOOKMARK [1][-]{section.6.12}{P\040Gate}{chapter.6}% 140
\BOOKMARK [2][-]{subsection.6.12.1}{Definition}{section.6.12}% 141
\BOOKMARK [2][-]{subsection.6.12.2}{Acting\040on\040a\040superposition\040state}{section.6.12}% 142
\BOOKMARK [1][-]{section.6.13}{Change\040of\040basis\040sets}{chapter.6}% 143
\BOOKMARK [2][-]{subsection.6.13.1}{Transformation\040of\040gates}{section.6.13}% 144
\BOOKMARK [2][-]{subsection.6.13.2}{Qiskit\040Example:\040Measuring\040quantum\040phase.}{section.6.13}% 145
\BOOKMARK [1][-]{section.6.14}{State\040tomography}{chapter.6}% 146
\BOOKMARK [-1][-]{part.5}{V\040Composite\040Systems}{}% 147
\BOOKMARK [0][-]{chapter.7}{Composite\040Systems}{part.5}% 148
\BOOKMARK [1][-]{section.7.1}{Two\040qubits}{chapter.7}% 149
\BOOKMARK [2][-]{subsection.7.1.1}{Hilbert\040space\040and\040computational\040basis}{section.7.1}% 150
\BOOKMARK [2][-]{subsection.7.1.2}{Superposition\040states}{section.7.1}% 151
\BOOKMARK [2][-]{subsection.7.1.3}{Product\040states}{section.7.1}% 152
\BOOKMARK [2][-]{subsection.7.1.4}{Entangled\040states}{section.7.1}% 153
\BOOKMARK [2][-]{subsection.7.1.5}{Bell\040basis}{section.7.1}% 154
\BOOKMARK [2][-]{subsection.7.1.6}{Two-qubit\040measurements\040in\040computational\040basis}{section.7.1}% 155
\BOOKMARK [2][-]{subsection.7.1.7}{Entanglement\040Measure}{section.7.1}% 156
\BOOKMARK [1][-]{section.7.2}{More\040qubits}{chapter.7}% 157
\BOOKMARK [2][-]{subsection.7.2.1}{Notation}{section.7.2}% 158
\BOOKMARK [2][-]{subsection.7.2.2}{Entanglement}{section.7.2}% 159
\BOOKMARK [1][-]{section.7.3}{Encoding\040numbers}{chapter.7}% 160
\BOOKMARK [2][-]{subsection.7.3.1}{Integers}{section.7.3}% 161
\BOOKMARK [2][-]{subsection.7.3.2}{Real\040numbers\040with\040floating\040point\040arithmetic}{section.7.3}% 162
\BOOKMARK [2][-]{subsection.7.3.3}{Real\040numbers\040encoded\040in\040coefficients}{section.7.3}% 163
\BOOKMARK [0][-]{chapter.8}{Two-qubits\040Gates}{part.5}% 164
\BOOKMARK [1][-]{section.8.1}{CX\040gate}{chapter.8}% 165
\BOOKMARK [2][-]{subsection.8.1.1}{Definition}{section.8.1}% 166
\BOOKMARK [2][-]{subsection.8.1.2}{Acting\040on\040superposition\040state}{section.8.1}% 167
\BOOKMARK [2][-]{subsection.8.1.3}{Phase\040kickback}{section.8.1}% 168
\BOOKMARK [2][-]{subsection.8.1.4}{Change\040of\040basis}{section.8.1}% 169
\BOOKMARK [2][-]{subsection.8.1.5}{Simple\040applications}{section.8.1}% 170
\BOOKMARK [3][-]{subsubsection*.7}{Generating\040Bell\040states}{subsection.8.1.5}% 171
\BOOKMARK [3][-]{subsubsection*.8}{Bell\040state\040measurement}{subsection.8.1.5}% 172
\BOOKMARK [3][-]{subsubsection*.9}{Addition\040modulo\0402}{subsection.8.1.5}% 173
\BOOKMARK [3][-]{subsubsection*.10}{Long\040distance\040CX}{subsection.8.1.5}% 174
\BOOKMARK [3][-]{subsubsection*.11}{One-way\040information\040transfer}{subsection.8.1.5}% 175
\BOOKMARK [3][-]{subsubsection*.12}{Swapping\040qubits}{subsection.8.1.5}% 176
\BOOKMARK [1][-]{section.8.2}{Controlled-\040Z,\040S,\040T,\040P\040gates}{chapter.8}% 177
\BOOKMARK [2][-]{subsection.8.2.1}{Qiskit\040circuit\040functions}{section.8.2}% 178
\BOOKMARK [2][-]{subsection.8.2.2}{Acting\040on\040superposition\040state}{section.8.2}% 179
\BOOKMARK [1][-]{section.8.3}{SWAP}{chapter.8}% 180
\BOOKMARK [-1][-]{part.6}{VI\040Algorithms}{}% 181
\BOOKMARK [0][-]{chapter.9}{Algorithms}{part.6}% 182
\BOOKMARK [1][-]{section.9.1}{Quantum\040teleportation}{chapter.9}% 183
\BOOKMARK [2][-]{subsection.9.1.1}{The\040protocol}{section.9.1}% 184
\BOOKMARK [1][-]{section.9.2}{Entanglement\040swap}{chapter.9}% 185
\BOOKMARK [2][-]{subsection.9.2.1}{The\040protocol}{section.9.2}% 186
\BOOKMARK [1][-]{section.9.3}{Superdense\040coding}{chapter.9}% 187
\BOOKMARK [2][-]{subsection.9.3.1}{The\040protocol}{section.9.3}% 188
\BOOKMARK [1][-]{section.9.4}{Walsh-Hadamard\040Transformation}{chapter.9}% 189
\BOOKMARK [2][-]{subsection.9.4.1}{Walsh-Hadamard\040transformation}{section.9.4}% 190
\BOOKMARK [2][-]{subsection.9.4.2}{Remarks}{section.9.4}% 191
\BOOKMARK [1][-]{section.9.5}{A\040little\040example\040of\040quantum\040parallelism}{chapter.9}% 192
\BOOKMARK [1][-]{section.9.6}{The\040Deutsch\040problem}{chapter.9}% 193
\BOOKMARK [2][-]{subsection.9.6.1}{The\040problem}{section.9.6}% 194
\BOOKMARK [2][-]{subsection.9.6.2}{Encoding\040the\040functions}{section.9.6}% 195
\BOOKMARK [2][-]{subsection.9.6.3}{No-so\040smart\040algorithm}{section.9.6}% 196
\BOOKMARK [2][-]{subsection.9.6.4}{The Deutsch’s algorithm}{section.9.6}% 197
\BOOKMARK [1][-]{section.9.7}{Quantum\040Fourier\040Transform}{chapter.9}% 198
\BOOKMARK [2][-]{subsection.9.7.1}{Discrete\040Fourier\040Transform}{section.9.7}% 199
\BOOKMARK [2][-]{subsection.9.7.2}{The\040QFT\040algorithm}{section.9.7}% 200
\BOOKMARK [1][-]{section.9.8}{Quantum\040Phase\040Estimation}{chapter.9}% 201
\BOOKMARK [2][-]{subsection.9.8.1}{The\040problem}{section.9.8}% 202
\BOOKMARK [2][-]{subsection.9.8.2}{Encoding\040a\040continuous\040number\040between\0400\040and\0401}{section.9.8}% 203
\BOOKMARK [1][-]{section.9.9}{}{chapter.9}% 204
\BOOKMARK [2][-]{subsection.9.9.1}{The\040algorithm}{section.9.9}% 205
\BOOKMARK [2][-]{subsection.9.9.2}{Example}{section.9.9}% 206
\BOOKMARK [2][-]{subsection.9.9.3}{Irrational\040value}{section.9.9}% 207
\BOOKMARK [-1][-]{part.7}{VII\040Backmatters}{}% 208
\BOOKMARK [0][-]{chapter.10}{References}{part.7}% 209
\BOOKMARK [0][-]{chapter*.13}{Bibliography}{part.7}% 210
