This is pdfTeX, Version 3.14159265-2.6-1.40.18 (TeX Live 2017/TeX Live for SUSE Linux) (preloaded format=pdflatex)
 restricted \write18 enabled.
entering extended mode
(/tmp/tmpld075ae2/circuit.tex
LaTeX2e <2017-04-15>
Babel <3.10> and hyphenation patterns for 81 language(s) loaded.
(/usr/share/texmf/tex/latex/standalone/standalone.cls
Document Class: standalone 2015/07/15 v1.2 Class to compile TeX sub-files stand
alone
(/usr/share/texmf/tex/generic/oberdiek/ifluatex.sty)
(/usr/share/texmf/tex/generic/oberdiek/ifpdf.sty)
(/usr/share/texmf/tex/generic/ifxetex/ifxetex.sty)
(/usr/share/texmf/tex/latex/xkeyval/xkeyval.sty
(/usr/share/texmf/tex/generic/xkeyval/xkeyval.tex
(/usr/share/texmf/tex/generic/xkeyval/xkvutils.tex
(/usr/share/texmf/tex/generic/xkeyval/keyval.tex))))
(/usr/share/texmf/tex/latex/standalone/standalone.cfg)
(/usr/share/texmf/tex/latex/base/article.cls
Document Class: article 2014/09/29 v1.4h Standard LaTeX document class
(/usr/share/texmf/tex/latex/base/size10.clo)))
(/usr/share/texmf/tex/latex/qcircuit/qcircuit.sty
(/usr/share/texmf/tex/generic/xypic/xy.sty
(/usr/share/texmf/tex/generic/xypic/xy.tex Bootstrap'ing: catcodes, docmode,
(/usr/share/texmf/tex/generic/xypic/xyrecat.tex)
(/usr/share/texmf/tex/generic/xypic/xyidioms.tex)

 Xy-pic version 3.8.9 <2013/10/06>
 Copyright (c) 1991-2013 by Kristoffer H. Rose <krisrose@tug.org> and others
 Xy-pic is free software: see the User's Guide for details.

Loading kernel: messages; fonts; allocations: state, direction,
utility macros; pictures: \xy, positions, objects, decorations;
kernel objects: directionals, circles, text; options; algorithms: directions,
edges, connections;  Xy-pic loaded)
(/usr/share/texmf/tex/generic/xypic/xypdf.tex  Xy-pic option: PDF driver v.1.7
loaded)) (/usr/share/texmf/tex/generic/xypic/xymatrix.tex
 Xy-pic option: Matrix feature v.3.14 loaded)
(/usr/share/texmf/tex/generic/xypic/xyframe.tex
 Xy-pic option: Frame and Bracket extension v.3.14 loaded)
Xy-pic pdf driver: `frame' extension support
(/usr/share/texmf/tex/generic/xypic/xypdf-fr.tex
(/usr/share/texmf/tex/generic/xypic/xycurve.tex
 Xy-pic option: Curve and Spline extension v.3.12 curve, circles, loaded)
Xy-pic pdf driver: `curve' extension support
(/usr/share/texmf/tex/generic/xypic/xypdf-cu.tex loaded) loaded)
(/usr/share/texmf/tex/generic/xypic/xyarrow.tex
 Xy-pic option: Arrow and Path feature v.3.9 path, \ar, loaded)
(/usr/share/texmf/tex/generic/xypic/xyarc.tex
 Xy-pic option: Circle, Ellipse, Arc feature v.3.8 circles, ellipses,
elliptical arcs, loaded)) (/usr/share/texmf/tex/latex/graphics/graphicx.sty
(/usr/share/texmf/tex/latex/graphics/graphics.sty
(/usr/share/texmf/tex/latex/graphics/trig.sty)
(/usr/share/texmf/tex/latex/graphics-cfg/graphics.cfg)
(/usr/share/texmf/tex/latex/graphics-def/pdftex.def
(/usr/share/texmf/tex/generic/oberdiek/infwarerr.sty)
(/usr/share/texmf/tex/generic/oberdiek/ltxcmds.sty))))
No file circuit.aux.
(/usr/share/texmf/tex/context/base/mkii/supp-pdf.mkii
[Loading MPS to PDF converter (version 2006.09.02).]
) (/usr/share/texmf/tex/generic/oberdiek/pdftexcmds.sty)
(/usr/share/texmf/tex/latex/oberdiek/epstopdf-base.sty
(/usr/share/texmf/tex/latex/oberdiek/grfext.sty
(/usr/share/texmf/tex/generic/oberdiek/kvdefinekeys.sty))
(/usr/share/texmf/tex/latex/oberdiek/kvoptions.sty
(/usr/share/texmf/tex/generic/oberdiek/kvsetkeys.sty
(/usr/share/texmf/tex/generic/oberdiek/etexcmds.sty)))
(/usr/share/texmf/tex/latex/latexconfig/epstopdf-sys.cfg)) <xymatrix
! Undefined control sequence.
<argument>  \\ \nghost 
                       {{q3}_{0} : } & \lstick {{q3}_{0} : } & \gate {\mathr...
l.11 \\ }}
          
!  ==> Fatal error occurred, no output PDF file produced!
Transcript written on /tmp/tmpld075ae2/circuit.log.
